<?xml version="1.0" encoding="UTF-8"?>
<!-- Generated by org.testng.reporters.JUnitReportReporter -->
<testsuite hostname="DESKTOP-UMAL0KC" failures="0" tests="1" name="opencartTestCases.CheckoutTest" time="56.193" errors="0" timestamp="2024-06-19T10:06:30 IST" skipped="0">
  <testcase classname="opencartTestCases.CheckoutTest" name="checkoutTC" time="56.193"/>
</testsuite> <!-- opencartTestCases.CheckoutTest -->
